Using pre-set license
Built from '2020.2/release' branch; Version is '2020.2.1f1 (270dd8c3da1c) revision 2559448'; Using compiler version '192528614'; Build Type 'Release'
OS: 'Windows 10  (10.0.0) 64bit' Language: 'en' Physical Memory: 8066 MB
BatchMode: 1, IsHumanControllingUs: 0, StartBugReporterOnCrash: 0, Is64bit: 1, IsPro: 0

 COMMAND LINE ARGUMENTS:
C:\Program Files\Unity Editors Path\2020.2.1f1\Editor\Unity.exe
-adb2
-batchMode
-noUpm
-name
AssetImportWorker0
-projectPath
C:/Users/PS/Sci-Fi Demo
-logFile
Logs/AssetImportWorker0.log
-srvPort
59412
Successfully changed project path to: C:/Users/PS/Sci-Fi Demo
C:/Users/PS/Sci-Fi Demo
Using Asset Import Pipeline V2.
Refreshing native plugins compatible for Editor in 45.86 ms, found 0 plugins.
Preloading 0 native plugins for Editor in 0.00 ms.
Initialize engine version: 2020.2.1f1 (270dd8c3da1c)
[Subsystems] Discovering subsystems at path C:/Program Files/Unity Editors Path/2020.2.1f1/Editor/Data/Resources/UnitySubsystems
[Subsystems] Discovering subsystems at path C:/Users/PS/Sci-Fi Demo/Assets
GfxDevice: creating device client; threaded=0
Direct3D:
    Version:  Direct3D 11.0 [level 11.1]
    Renderer: NVIDIA GeForce GTX 1050 (ID=0x1c8d)
    Vendor:   
    VRAM:     4019 MB
    Driver:   27.21.14.6109
Initialize mono
Mono path[0] = 'C:/Program Files/Unity Editors Path/2020.2.1f1/Editor/Data/Managed'
Mono path[1] = 'C:/Program Files/Unity Editors Path/2020.2.1f1/Editor/Data/MonoBleedingEdge/lib/mono/unityjit'
Mono config path = 'C:/Program Files/Unity Editors Path/2020.2.1f1/Editor/Data/MonoBleedingEdge/etc'
Using monoOptions --debugger-agent=transport=dt_socket,embedding=1,server=y,suspend=n,address=127.0.0.1:56584
Begin MonoManager ReloadAssembly
Registering precompiled unity dll's ...
Register platform support module: C:/Program Files/Unity Editors Path/2020.2.1f1/Editor/Data/PlaybackEngines/WindowsStandaloneSupport/UnityEditor.WindowsStandalone.Extensions.dll
Registered in 0.001890 seconds.
Native extension for WindowsStandalone target not found
Refreshing native plugins compatible for Editor in 25.27 ms, found 0 plugins.
Preloading 0 native plugins for Editor in 0.00 ms.
Invoked RoslynAnalysisRunner static constructor.
RoslynAnalysisRunner will not be running.
RoslynAnalysisRunner has terminated.
Mono: successfully reloaded assembly
- Completed reload, in  2.091 seconds
Platform modules already initialized, skipping
Registering precompiled user dll's ...
Registered in 0.002059 seconds.
Begin MonoManager ReloadAssembly
Native extension for WindowsStandalone target not found
Refreshing native plugins compatible for Editor in 0.30 ms, found 0 plugins.
Preloading 0 native plugins for Editor in 0.00 ms.
Invoked RoslynAnalysisRunner static constructor.
RoslynAnalysisRunner will not be running.
RoslynAnalysisRunner has terminated.
Mono: successfully reloaded assembly
- Completed reload, in  0.888 seconds
Platform modules already initialized, skipping
========================================================================
Worker process is ready to serve import requests
Launched and connected shader compiler UnityShaderCompiler.exe after 0.24 seconds
Refreshing native plugins compatible for Editor in 0.26 ms, found 0 plugins.
Preloading 0 native plugins for Editor in 0.00 ms.
Unloading 1220 Unused Serialized files (Serialized files now loaded: 0)
System memory in use before: 62.2 MB.
System memory in use after: 62.2 MB.

Unloading 13 unused Assets to reduce memory usage. Loaded Objects now: 1671.
Total: 1.780700 ms (FindLiveObjects: 0.151000 ms CreateObjectMapping: 0.046100 ms MarkObjects: 1.535700 ms  DeleteObjects: 0.047000 ms)

========================================================================
Received Import Request.
  path: Assets/Game/Scirpts/Player.cs
  artifactKey: Guid(00f6c3e49c8b43c4b802380a93ac5ce3) Importer(815301076,1909f56bfc062723c751e8b465ee728b)
Start importing Assets/Game/Scirpts/Player.cs using Guid(00f6c3e49c8b43c4b802380a93ac5ce3) Importer(815301076,1909f56bfc062723c751e8b465ee728b)  -> (artifact id: 'fc728355674b8e4c1745f04ab6f9ff9b') in 0.658594 seconds
  Import took 0.716497 seconds .

========================================================================
Received Import Request.
  Time since last request: 456.784127 seconds.
  path: ProjectSettings/TagManager.asset
  artifactKey: Guid(00000000000000003000000000000000) Importer(815301076,1909f56bfc062723c751e8b465ee728b)
Start importing ProjectSettings/TagManager.asset using Guid(00000000000000003000000000000000) Importer(815301076,1909f56bfc062723c751e8b465ee728b)  -> (artifact id: '8988b340c206bb1d98ca0d47b0266d3b') in 0.059076 seconds
  Import took 0.079502 seconds .

========================================================================
Received Prepare
Registering precompiled user dll's ...
Registered in 0.002007 seconds.
Begin MonoManager ReloadAssembly
Native extension for WindowsStandalone target not found
Refreshing native plugins compatible for Editor in 0.28 ms, found 0 plugins.
Preloading 0 native plugins for Editor in 0.00 ms.
Invoked RoslynAnalysisRunner static constructor.
RoslynAnalysisRunner will not be running.
RoslynAnalysisRunner has terminated.
Mono: successfully reloaded assembly
- Completed reload, in  0.761 seconds
Platform modules already initialized, skipping
Refreshing native plugins compatible for Editor in 0.27 ms, found 0 plugins.
Preloading 0 native plugins for Editor in 0.00 ms.
Unloading 1209 Unused Serialized files (Serialized files now loaded: 0)
System memory in use before: 61.9 MB.
System memory in use after: 62.0 MB.

Unloading 9 unused Assets to reduce memory usage. Loaded Objects now: 1673.
Total: 1.494600 ms (FindLiveObjects: 0.141100 ms CreateObjectMapping: 0.037100 ms MarkObjects: 1.298400 ms  DeleteObjects: 0.017100 ms)

========================================================================
Received Prepare
Registering precompiled user dll's ...
Registered in 0.003125 seconds.
Begin MonoManager ReloadAssembly
Native extension for WindowsStandalone target not found
Refreshing native plugins compatible for Editor in 0.33 ms, found 0 plugins.
Preloading 0 native plugins for Editor in 0.00 ms.
Invoked RoslynAnalysisRunner static constructor.
RoslynAnalysisRunner will not be running.
RoslynAnalysisRunner has terminated.
Mono: successfully reloaded assembly
- Completed reload, in  0.922 seconds
Platform modules already initialized, skipping
Refreshing native plugins compatible for Editor in 0.27 ms, found 0 plugins.
Preloading 0 native plugins for Editor in 0.00 ms.
Unloading 1209 Unused Serialized files (Serialized files now loaded: 0)
System memory in use before: 62.9 MB.
System memory in use after: 63.0 MB.

Unloading 8 unused Assets to reduce memory usage. Loaded Objects now: 1675.
Total: 2.677300 ms (FindLiveObjects: 0.599800 ms CreateObjectMapping: 0.053100 ms MarkObjects: 2.000900 ms  DeleteObjects: 0.018000 ms)

========================================================================
Received Prepare
Registering precompiled user dll's ...
Registered in 0.002018 seconds.
Begin MonoManager ReloadAssembly
Native extension for WindowsStandalone target not found
Refreshing native plugins compatible for Editor in 0.27 ms, found 0 plugins.
Preloading 0 native plugins for Editor in 0.00 ms.
Invoked RoslynAnalysisRunner static constructor.
RoslynAnalysisRunner will not be running.
RoslynAnalysisRunner has terminated.
Mono: successfully reloaded assembly
- Completed reload, in  0.724 seconds
Platform modules already initialized, skipping
Refreshing native plugins compatible for Editor in 0.39 ms, found 0 plugins.
Preloading 0 native plugins for Editor in 0.00 ms.
Unloading 1209 Unused Serialized files (Serialized files now loaded: 0)
System memory in use before: 62.9 MB.
System memory in use after: 63.0 MB.

Unloading 8 unused Assets to reduce memory usage. Loaded Objects now: 1677.
Total: 2.009200 ms (FindLiveObjects: 0.297200 ms CreateObjectMapping: 0.062300 ms MarkObjects: 1.626300 ms  DeleteObjects: 0.021000 ms)

========================================================================
Received Import Request.
  Time since last request: 725.241645 seconds.
  path: Assets/Game/Audio/BackgroundMusic.ogg
  artifactKey: Guid(460cbf252686b5f40b1ec18039f70b59) Importer(815301076,1909f56bfc062723c751e8b465ee728b)
Start importing Assets/Game/Audio/BackgroundMusic.ogg using Guid(460cbf252686b5f40b1ec18039f70b59) Importer(815301076,1909f56bfc062723c751e8b465ee728b)  -> (artifact id: 'd3999b5932c6b88d227fef7446cfea8a') in 0.648224 seconds
  Import took 0.666813 seconds .

========================================================================
Received Prepare
Registering precompiled user dll's ...
Registered in 0.002087 seconds.
Begin MonoManager ReloadAssembly
Native extension for WindowsStandalone target not found
Refreshing native plugins compatible for Editor in 0.28 ms, found 0 plugins.
Preloading 0 native plugins for Editor in 0.00 ms.
Invoked RoslynAnalysisRunner static constructor.
RoslynAnalysisRunner will not be running.
RoslynAnalysisRunner has terminated.
Mono: successfully reloaded assembly
- Completed reload, in  0.810 seconds
Platform modules already initialized, skipping
Refreshing native plugins compatible for Editor in 0.27 ms, found 0 plugins.
Preloading 0 native plugins for Editor in 0.00 ms.
Unloading 1209 Unused Serialized files (Serialized files now loaded: 0)
System memory in use before: 66.1 MB.
System memory in use after: 66.2 MB.

Unloading 8 unused Assets to reduce memory usage. Loaded Objects now: 1688.
Total: 1.422300 ms (FindLiveObjects: 0.130300 ms CreateObjectMapping: 0.031600 ms MarkObjects: 1.246600 ms  DeleteObjects: 0.013100 ms)

========================================================================
Received Prepare
Registering precompiled user dll's ...
Registered in 0.001923 seconds.
Begin MonoManager ReloadAssembly
Native extension for WindowsStandalone target not found
Refreshing native plugins compatible for Editor in 0.28 ms, found 0 plugins.
Preloading 0 native plugins for Editor in 0.00 ms.
Invoked RoslynAnalysisRunner static constructor.
RoslynAnalysisRunner will not be running.
RoslynAnalysisRunner has terminated.
Mono: successfully reloaded assembly
- Completed reload, in  0.730 seconds
Platform modules already initialized, skipping
Refreshing native plugins compatible for Editor in 0.27 ms, found 0 plugins.
Preloading 0 native plugins for Editor in 0.00 ms.
Unloading 1209 Unused Serialized files (Serialized files now loaded: 0)
System memory in use before: 66.1 MB.
System memory in use after: 66.2 MB.

Unloading 8 unused Assets to reduce memory usage. Loaded Objects now: 1690.
Total: 2.481800 ms (FindLiveObjects: 0.375200 ms CreateObjectMapping: 0.088700 ms MarkObjects: 1.996800 ms  DeleteObjects: 0.020100 ms)

========================================================================
Received Prepare
Registering precompiled user dll's ...
Registered in 0.001897 seconds.
Begin MonoManager ReloadAssembly
Native extension for WindowsStandalone target not found
Refreshing native plugins compatible for Editor in 0.28 ms, found 0 plugins.
Preloading 0 native plugins for Editor in 0.00 ms.
Invoked RoslynAnalysisRunner static constructor.
RoslynAnalysisRunner will not be running.
RoslynAnalysisRunner has terminated.
Mono: successfully reloaded assembly
- Completed reload, in  0.759 seconds
Platform modules already initialized, skipping
Refreshing native plugins compatible for Editor in 0.27 ms, found 0 plugins.
Preloading 0 native plugins for Editor in 0.00 ms.
Unloading 1209 Unused Serialized files (Serialized files now loaded: 0)
System memory in use before: 66.1 MB.
System memory in use after: 66.2 MB.

Unloading 8 unused Assets to reduce memory usage. Loaded Objects now: 1692.
Total: 1.737900 ms (FindLiveObjects: 0.146900 ms CreateObjectMapping: 0.041800 ms MarkObjects: 1.533400 ms  DeleteObjects: 0.014600 ms)

========================================================================
Received Import Request.
  Time since last request: 664.551337 seconds.
  path: Assets/Game/Scirpts/Destructible.cs
  artifactKey: Guid(4f8c5bb38ad48af4493db150bb4e68f1) Importer(815301076,1909f56bfc062723c751e8b465ee728b)
Start importing Assets/Game/Scirpts/Destructible.cs using Guid(4f8c5bb38ad48af4493db150bb4e68f1) Importer(815301076,1909f56bfc062723c751e8b465ee728b)  -> (artifact id: 'b1f10e400a27ed5ba7b4ef5c44bb10cd') in 0.097721 seconds
  Import took 0.153369 seconds .

========================================================================
Received Prepare
Registering precompiled user dll's ...
Registered in 0.002222 seconds.
Begin MonoManager ReloadAssembly
Native extension for WindowsStandalone target not found
Refreshing native plugins compatible for Editor in 0.32 ms, found 0 plugins.
Preloading 0 native plugins for Editor in 0.00 ms.
Invoked RoslynAnalysisRunner static constructor.
RoslynAnalysisRunner will not be running.
RoslynAnalysisRunner has terminated.
Mono: successfully reloaded assembly
- Completed reload, in  0.694 seconds
Platform modules already initialized, skipping
Refreshing native plugins compatible for Editor in 0.27 ms, found 0 plugins.
Preloading 0 native plugins for Editor in 0.00 ms.
Unloading 1209 Unused Serialized files (Serialized files now loaded: 0)
System memory in use before: 66.0 MB.
System memory in use after: 66.1 MB.

Unloading 8 unused Assets to reduce memory usage. Loaded Objects now: 1694.
Total: 1.886500 ms (FindLiveObjects: 0.180800 ms CreateObjectMapping: 0.051700 ms MarkObjects: 1.636100 ms  DeleteObjects: 0.015500 ms)

========================================================================
Received Prepare
Registering precompiled user dll's ...
Registered in 0.003214 seconds.
Begin MonoManager ReloadAssembly
Native extension for WindowsStandalone target not found
Refreshing native plugins compatible for Editor in 0.30 ms, found 0 plugins.
Preloading 0 native plugins for Editor in 0.00 ms.
[ScriptCompilation] NOT recompiling all scripts because this is an import worker process. Reason to compile was: Define symbols changed
Invoked RoslynAnalysisRunner static constructor.
RoslynAnalysisRunner will not be running.
RoslynAnalysisRunner has terminated.
Mono: successfully reloaded assembly
- Completed reload, in  0.934 seconds
Platform modules already initialized, skipping
Refreshing native plugins compatible for Editor in 0.57 ms, found 0 plugins.
Preloading 0 native plugins for Editor in 0.00 ms.
Unloading 1329 Unused Serialized files (Serialized files now loaded: 0)
System memory in use before: 73.9 MB.
System memory in use after: 72.3 MB.

Unloading 35 unused Assets to reduce memory usage. Loaded Objects now: 1789.
Total: 3.684100 ms (FindLiveObjects: 0.265900 ms CreateObjectMapping: 0.083600 ms MarkObjects: 2.398800 ms  DeleteObjects: 0.934100 ms)

========================================================================
Received Import Request.
  Time since last request: 276.079645 seconds.
  path: Assets/Game/New Post-processing Profile.asset
  artifactKey: Guid(40f70ac2becd2874f8793d7db21f8832) Importer(815301076,1909f56bfc062723c751e8b465ee728b)
Start importing Assets/Game/New Post-processing Profile.asset using Guid(40f70ac2becd2874f8793d7db21f8832) Importer(815301076,1909f56bfc062723c751e8b465ee728b)  -> (artifact id: 'c39b09383357b95c6160c1695602ea66') in 0.040890 seconds
  Import took 0.043624 seconds .

========================================================================
Received Import Request.
  Time since last request: 26.266830 seconds.
  path: Assets/Game/Sci_Fi_PPF.asset
  artifactKey: Guid(40f70ac2becd2874f8793d7db21f8832) Importer(815301076,1909f56bfc062723c751e8b465ee728b)
Start importing Assets/Game/Sci_Fi_PPF.asset using Guid(40f70ac2becd2874f8793d7db21f8832) Importer(815301076,1909f56bfc062723c751e8b465ee728b)  -> (artifact id: '47f5048d751fbea3891f55b6398ea862') in 0.009957 seconds
  Import took 0.012635 seconds .

========================================================================
Received Prepare
Registering precompiled user dll's ...
Registered in 0.004030 seconds.
Begin MonoManager ReloadAssembly
Native extension for WindowsStandalone target not found
Refreshing native plugins compatible for Editor in 0.31 ms, found 0 plugins.
Preloading 0 native plugins for Editor in 0.00 ms.
Invoked RoslynAnalysisRunner static constructor.
RoslynAnalysisRunner will not be running.
RoslynAnalysisRunner has terminated.
Mono: successfully reloaded assembly
- Completed reload, in  1.285 seconds
Platform modules already initialized, skipping
Refreshing native plugins compatible for Editor in 0.30 ms, found 0 plugins.
Preloading 0 native plugins for Editor in 0.00 ms.
Unloading 1330 Unused Serialized files (Serialized files now loaded: 0)
System memory in use before: 73.9 MB.
System memory in use after: 72.4 MB.

Unloading 35 unused Assets to reduce memory usage. Loaded Objects now: 1792.
Total: 2.293200 ms (FindLiveObjects: 0.170500 ms CreateObjectMapping: 0.044800 ms MarkObjects: 1.495300 ms  DeleteObjects: 0.581500 ms)

========================================================================
Received Import Request.
  Time since last request: 255.932403 seconds.
  path: Assets/Game/Level_Dont_Touch/Standard Assets/Characters
  artifactKey: Guid(f75f738aa19d94c77939b9d56fb23e5f) Importer(815301076,1909f56bfc062723c751e8b465ee728b)
Start importing Assets/Game/Level_Dont_Touch/Standard Assets/Characters using Guid(f75f738aa19d94c77939b9d56fb23e5f) Importer(815301076,1909f56bfc062723c751e8b465ee728b)  -> (artifact id: '21f4c088a8d994032616d4d7c12e947c') in 0.029528 seconds
  Import took 0.032242 seconds .

========================================================================
Received Import Request.
  Time since last request: 4.121697 seconds.
  path: Assets/Game/Level_Dont_Touch/Standard Assets/Characters/FirstPersonCharacter/Scripts
  artifactKey: Guid(8c1eeecca26e542ccb545fb137086ee4) Importer(815301076,1909f56bfc062723c751e8b465ee728b)
Start importing Assets/Game/Level_Dont_Touch/Standard Assets/Characters/FirstPersonCharacter/Scripts using Guid(8c1eeecca26e542ccb545fb137086ee4) Importer(815301076,1909f56bfc062723c751e8b465ee728b)  -> (artifact id: 'e09d174db18d631e22d9960d520ba53e') in 0.010676 seconds
  Import took 0.013169 seconds .

========================================================================
Received Import Request.
  Time since last request: 2.841151 seconds.
  path: Assets/Game/Level_Dont_Touch/Standard Assets/Characters/FirstPersonCharacter/Scripts/HeadBob.cs
  artifactKey: Guid(83c81407209f85e4c87c0cda8b32868e) Importer(815301076,1909f56bfc062723c751e8b465ee728b)
Start importing Assets/Game/Level_Dont_Touch/Standard Assets/Characters/FirstPersonCharacter/Scripts/HeadBob.cs using Guid(83c81407209f85e4c87c0cda8b32868e) Importer(815301076,1909f56bfc062723c751e8b465ee728b)  -> (artifact id: '322a0978c18cfbeebed0a64d6f249250') in 0.008350 seconds
  Import took 0.010524 seconds .

========================================================================
Received Import Request.
  Time since last request: 0.003922 seconds.
  path: Assets/Game/Level_Dont_Touch/Standard Assets/Characters/FirstPersonCharacter/Scripts/HeadBob.cs
  artifactKey: Guid(83c81407209f85e4c87c0cda8b32868e) Importer(815301076,1909f56bfc062723c751e8b465ee728b)
Start importing Assets/Game/Level_Dont_Touch/Standard Assets/Characters/FirstPersonCharacter/Scripts/HeadBob.cs using Guid(83c81407209f85e4c87c0cda8b32868e) Importer(815301076,1909f56bfc062723c751e8b465ee728b)  -> (artifact id: '322a0978c18cfbeebed0a64d6f249250') in 0.003618 seconds
  Import took 0.006428 seconds .

========================================================================
Received Import Request.
  Time since last request: 0.560054 seconds.
  path: Assets/Game/Level_Dont_Touch/Standard Assets/Characters/FirstPersonCharacter/Scripts/FirstPersonController.cs
  artifactKey: Guid(05ec5cf00ca181d45a42ba1870e148c3) Importer(815301076,1909f56bfc062723c751e8b465ee728b)
Start importing Assets/Game/Level_Dont_Touch/Standard Assets/Characters/FirstPersonCharacter/Scripts/FirstPersonController.cs using Guid(05ec5cf00ca181d45a42ba1870e148c3) Importer(815301076,1909f56bfc062723c751e8b465ee728b)  -> (artifact id: 'a6c9322c066d88874f90c1bc3550383e') in 0.009572 seconds
  Import took 0.028521 seconds .

========================================================================
Received Import Request.
  Time since last request: 7.717896 seconds.
  path: Assets/Game/Level_Dont_Touch
  artifactKey: Guid(9ad40ec4082bdec40b4da34344b82e5b) Importer(815301076,1909f56bfc062723c751e8b465ee728b)
Start importing Assets/Game/Level_Dont_Touch using Guid(9ad40ec4082bdec40b4da34344b82e5b) Importer(815301076,1909f56bfc062723c751e8b465ee728b)  -> (artifact id: '52f26acd8067a464d8ca7bcaceb30b25') in 0.024249 seconds
  Import took 0.026388 seconds .

========================================================================
Received Prepare
Registering precompiled user dll's ...
Registered in 0.001972 seconds.
Begin MonoManager ReloadAssembly
Native extension for WindowsStandalone target not found
Refreshing native plugins compatible for Editor in 0.25 ms, found 0 plugins.
Preloading 0 native plugins for Editor in 0.00 ms.
Invoked RoslynAnalysisRunner static constructor.
RoslynAnalysisRunner will not be running.
RoslynAnalysisRunner has terminated.
Mono: successfully reloaded assembly
- Completed reload, in  0.728 seconds
Platform modules already initialized, skipping
Refreshing native plugins compatible for Editor in 0.25 ms, found 0 plugins.
Preloading 0 native plugins for Editor in 0.00 ms.
Unloading 1272 Unused Serialized files (Serialized files now loaded: 0)
System memory in use before: 72.7 MB.
System memory in use after: 71.2 MB.

Unloading 89 unused Assets to reduce memory usage. Loaded Objects now: 1740.
Total: 2.414200 ms (FindLiveObjects: 0.298300 ms CreateObjectMapping: 0.060000 ms MarkObjects: 1.441300 ms  DeleteObjects: 0.613300 ms)

========================================================================
Received Import Request.
  Time since last request: 21.943286 seconds.
  path: Assets/Game/Game_Models
  artifactKey: Guid(8c63c79a0a8817c4d92dd90d983ff960) Importer(815301076,1909f56bfc062723c751e8b465ee728b)
Start importing Assets/Game/Game_Models using Guid(8c63c79a0a8817c4d92dd90d983ff960) Importer(815301076,1909f56bfc062723c751e8b465ee728b)  -> (artifact id: '8e27c92c68c14bffaf5fcee7968b73c8') in 0.008563 seconds
  Import took 0.010839 seconds .

========================================================================
Received Import Request.
  Time since last request: 0.005582 seconds.
  path: Assets/Game/Game_Models
  artifactKey: Guid(8c63c79a0a8817c4d92dd90d983ff960) Importer(815301076,1909f56bfc062723c751e8b465ee728b)
Start importing Assets/Game/Game_Models using Guid(8c63c79a0a8817c4d92dd90d983ff960) Importer(815301076,1909f56bfc062723c751e8b465ee728b)  -> (artifact id: '8e27c92c68c14bffaf5fcee7968b73c8') in 0.003216 seconds
  Import took 0.006130 seconds .

========================================================================
Received Import Request.
  Time since last request: 1.572633 seconds.
  path: Assets/Game/Game_Models/Level.prefab
  artifactKey: Guid(93fb048d0136f084cb1f783ca99e5ea7) Importer(815301076,1909f56bfc062723c751e8b465ee728b)
Start importing Assets/Game/Game_Models/Level.prefab using Guid(93fb048d0136f084cb1f783ca99e5ea7) Importer(815301076,1909f56bfc062723c751e8b465ee728b)  -> (artifact id: 'ad94cca0348a7f7feab9b80e8e826a19') in 0.244803 seconds
  Import took 0.267420 seconds .

========================================================================
Received Prepare
Registering precompiled user dll's ...
Registered in 0.001921 seconds.
Begin MonoManager ReloadAssembly
Native extension for WindowsStandalone target not found
Refreshing native plugins compatible for Editor in 0.30 ms, found 0 plugins.
Preloading 0 native plugins for Editor in 0.00 ms.
Invoked RoslynAnalysisRunner static constructor.
RoslynAnalysisRunner will not be running.
RoslynAnalysisRunner has terminated.
Mono: successfully reloaded assembly
- Completed reload, in  0.700 seconds
Platform modules already initialized, skipping
Refreshing native plugins compatible for Editor in 0.31 ms, found 0 plugins.
Preloading 0 native plugins for Editor in 0.00 ms.
Unloading 1330 Unused Serialized files (Serialized files now loaded: 0)
System memory in use before: 74.1 MB.
System memory in use after: 72.5 MB.

Unloading 35 unused Assets to reduce memory usage. Loaded Objects now: 1798.
Total: 2.275300 ms (FindLiveObjects: 0.215500 ms CreateObjectMapping: 0.053600 ms MarkObjects: 1.419200 ms  DeleteObjects: 0.586200 ms)

========================================================================
Received Import Request.
  Time since last request: 330.824177 seconds.
  path: Assets/Game/Level_Dont_Touch/Standard Assets/Editor/CrossPlatformInput/CrossPlatformInputInitialize.cs
  artifactKey: Guid(db7667203062c644ea1877077e30ebd6) Importer(815301076,1909f56bfc062723c751e8b465ee728b)
Start importing Assets/Game/Level_Dont_Touch/Standard Assets/Editor/CrossPlatformInput/CrossPlatformInputInitialize.cs using Guid(db7667203062c644ea1877077e30ebd6) Importer(815301076,1909f56bfc062723c751e8b465ee728b)  -> (artifact id: '88d062aec125ac6fa40c469d521022d5') in 0.011108 seconds
  Import took 0.013715 seconds .

========================================================================
Received Import Request.
  Time since last request: 0.024459 seconds.
  path: Assets/Game/Level_Dont_Touch/Standard Assets/Editor/CrossPlatformInput/CrossPlatformInputInitialize.cs
  artifactKey: Guid(db7667203062c644ea1877077e30ebd6) Importer(815301076,1909f56bfc062723c751e8b465ee728b)
Start importing Assets/Game/Level_Dont_Touch/Standard Assets/Editor/CrossPlatformInput/CrossPlatformInputInitialize.cs using Guid(db7667203062c644ea1877077e30ebd6) Importer(815301076,1909f56bfc062723c751e8b465ee728b)  -> (artifact id: '88d062aec125ac6fa40c469d521022d5') in 0.003243 seconds
  Import took 0.005937 seconds .

========================================================================
Received Import Request.
  Time since last request: 4.064198 seconds.
  path: Assets/Game/Level_Dont_Touch/Standard Assets/Utility/ActivateTrigger.cs
  artifactKey: Guid(c8634e062924929664361c08745211fb) Importer(815301076,1909f56bfc062723c751e8b465ee728b)
Start importing Assets/Game/Level_Dont_Touch/Standard Assets/Utility/ActivateTrigger.cs using Guid(c8634e062924929664361c08745211fb) Importer(815301076,1909f56bfc062723c751e8b465ee728b)  -> (artifact id: 'c12aec0376190711cbadb042a644c6cd') in 0.007298 seconds
  Import took 0.009646 seconds .

========================================================================
Received Import Request.
  Time since last request: 5.732618 seconds.
  path: Assets/Game/Level_Dont_Touch/Standard Assets/Editor/CrossPlatformInput
  artifactKey: Guid(2ec08cfacd8b540438bc19356e73c2fb) Importer(815301076,1909f56bfc062723c751e8b465ee728b)
Start importing Assets/Game/Level_Dont_Touch/Standard Assets/Editor/CrossPlatformInput using Guid(2ec08cfacd8b540438bc19356e73c2fb) Importer(815301076,1909f56bfc062723c751e8b465ee728b)  -> (artifact id: 'f93f273a7a8663365cc8194bc7f4e0eb') in 0.009763 seconds
  Import took 0.119847 seconds .

========================================================================
Received Import Request.
  Time since last request: 4.925088 seconds.
  path: Assets/Game/Level_Dont_Touch/Standard Assets/Editor
  artifactKey: Guid(21ecbd972f05d4f1dbe9b9a63c60aa44) Importer(815301076,1909f56bfc062723c751e8b465ee728b)
Start importing Assets/Game/Level_Dont_Touch/Standard Assets/Editor using Guid(21ecbd972f05d4f1dbe9b9a63c60aa44) Importer(815301076,1909f56bfc062723c751e8b465ee728b)  -> (artifact id: '9e3e1d1be83317c0888327724e64d48a') in 0.009257 seconds
  Import took 0.011662 seconds .

========================================================================
Received Import Request.
  Time since last request: 275.917392 seconds.
  path: Assets/Game/Sci_Fi_PPF.asset
  artifactKey: Guid(40f70ac2becd2874f8793d7db21f8832) Importer(815301076,1909f56bfc062723c751e8b465ee728b)
Start importing Assets/Game/Sci_Fi_PPF.asset using Guid(40f70ac2becd2874f8793d7db21f8832) Importer(815301076,1909f56bfc062723c751e8b465ee728b)  -> (artifact id: '0f503a92f01fa21eedade2256bfc0661') in 0.022147 seconds
  Import took 0.025743 seconds .

========================================================================
Received Prepare
Refreshing native plugins compatible for Editor in 117.37 ms, found 0 plugins.
Preloading 0 native plugins for Editor in 0.00 ms.
Unloading 33 Unused Serialized files (Serialized files now loaded: 0)
System memory in use before: 48.5 MB.
System memory in use after: 47.0 MB.

Unloading 33 unused Assets to reduce memory usage. Loaded Objects now: 1798.
Total: 4.144700 ms (FindLiveObjects: 0.302800 ms CreateObjectMapping: 0.044500 ms MarkObjects: 2.990300 ms  DeleteObjects: 0.804400 ms)

========================================================================
Received Import Request.
  Time since last request: 299.183684 seconds.
  path: Assets/Game/Sci_Fi_PPF 1.asset
  artifactKey: Guid(010bde96007ffd94a92cd5768019446e) Importer(815301076,1909f56bfc062723c751e8b465ee728b)
Start importing Assets/Game/Sci_Fi_PPF 1.asset using Guid(010bde96007ffd94a92cd5768019446e) Importer(815301076,1909f56bfc062723c751e8b465ee728b)  -> (artifact id: '974e861ebd4180ee73a6fd0b017d1d5e') in 0.012594 seconds
  Import took 0.015266 seconds .

========================================================================
Received Import Request.
  Time since last request: 513.378445 seconds.
  path: ProjectSettings/TagManager.asset
  artifactKey: Guid(00000000000000003000000000000000) Importer(815301076,1909f56bfc062723c751e8b465ee728b)
Start importing ProjectSettings/TagManager.asset using Guid(00000000000000003000000000000000) Importer(815301076,1909f56bfc062723c751e8b465ee728b)  -> (artifact id: '3684f336653593945ec77b67b8740b79') in 0.008592 seconds
  Import took 0.011282 seconds .

========================================================================
Received Prepare
Registering precompiled user dll's ...
Registered in 0.002200 seconds.
Begin MonoManager ReloadAssembly
Native extension for WindowsStandalone target not found
Refreshing native plugins compatible for Editor in 0.40 ms, found 0 plugins.
Preloading 0 native plugins for Editor in 0.00 ms.
Invoked RoslynAnalysisRunner static constructor.
RoslynAnalysisRunner will not be running.
RoslynAnalysisRunner has terminated.
Mono: successfully reloaded assembly
- Completed reload, in  1.229 seconds
Platform modules already initialized, skipping
Refreshing native plugins compatible for Editor in 0.54 ms, found 0 plugins.
Preloading 0 native plugins for Editor in 0.00 ms.
Unloading 1330 Unused Serialized files (Serialized files now loaded: 0)
System memory in use before: 73.7 MB.
System memory in use after: 72.2 MB.

Unloading 36 unused Assets to reduce memory usage. Loaded Objects now: 1800.
Total: 3.244200 ms (FindLiveObjects: 0.199700 ms CreateObjectMapping: 0.061600 ms MarkObjects: 2.061500 ms  DeleteObjects: 0.919900 ms)

========================================================================
Received Import Request.
  Time since last request: 865.187039 seconds.
  path: Assets/Game/Sci_Fi_PPF.asset
  artifactKey: Guid(40f70ac2becd2874f8793d7db21f8832) Importer(815301076,1909f56bfc062723c751e8b465ee728b)
Start importing Assets/Game/Sci_Fi_PPF.asset using Guid(40f70ac2becd2874f8793d7db21f8832) Importer(815301076,1909f56bfc062723c751e8b465ee728b)  -> (artifact id: 'b45dd01e406d2a4aab5d49c788eb3023') in 0.083106 seconds
  Import took 0.086126 seconds .

========================================================================
Received Import Request.
  Time since last request: 9.376596 seconds.
  path: Assets/Game/Sci_Fi_PPF.asset
  artifactKey: Guid(40f70ac2becd2874f8793d7db21f8832) Importer(815301076,1909f56bfc062723c751e8b465ee728b)
Start importing Assets/Game/Sci_Fi_PPF.asset using Guid(40f70ac2becd2874f8793d7db21f8832) Importer(815301076,1909f56bfc062723c751e8b465ee728b)  -> (artifact id: '122b6733f2e90d9dd9360790b5217b67') in 0.022367 seconds
  Import took 0.025275 seconds .

========================================================================
Received Import Request.
  Time since last request: 0.024596 seconds.
  path: Assets/Game/Sci_Fi_PPF.asset
  artifactKey: Guid(40f70ac2becd2874f8793d7db21f8832) Importer(815301076,1909f56bfc062723c751e8b465ee728b)
Start importing Assets/Game/Sci_Fi_PPF.asset using Guid(40f70ac2becd2874f8793d7db21f8832) Importer(815301076,1909f56bfc062723c751e8b465ee728b)  -> (artifact id: '122b6733f2e90d9dd9360790b5217b67') in 0.004123 seconds
  Import took 0.006363 seconds .

========================================================================
Received Prepare
Registering precompiled user dll's ...
Registered in 0.006684 seconds.
Begin MonoManager ReloadAssembly
Native extension for WindowsStandalone target not found
Refreshing native plugins compatible for Editor in 0.36 ms, found 0 plugins.
Preloading 0 native plugins for Editor in 0.00 ms.
Invoked RoslynAnalysisRunner static constructor.
RoslynAnalysisRunner will not be running.
RoslynAnalysisRunner has terminated.
Mono: successfully reloaded assembly
- Completed reload, in  0.814 seconds
Platform modules already initialized, skipping
Refreshing native plugins compatible for Editor in 0.33 ms, found 0 plugins.
Preloading 0 native plugins for Editor in 0.00 ms.
Unloading 1330 Unused Serialized files (Serialized files now loaded: 0)
System memory in use before: 73.2 MB.
System memory in use after: 71.6 MB.

Unloading 35 unused Assets to reduce memory usage. Loaded Objects now: 1802.
Total: 2.707900 ms (FindLiveObjects: 0.285600 ms CreateObjectMapping: 0.065200 ms MarkObjects: 1.701100 ms  DeleteObjects: 0.655000 ms)

========================================================================
Received Import Request.
  Time since last request: 417.855731 seconds.
  path: Assets/Game/Sci_Fi_PPF.asset
  artifactKey: Guid(40f70ac2becd2874f8793d7db21f8832) Importer(815301076,1909f56bfc062723c751e8b465ee728b)
Start importing Assets/Game/Sci_Fi_PPF.asset using Guid(40f70ac2becd2874f8793d7db21f8832) Importer(815301076,1909f56bfc062723c751e8b465ee728b)  -> (artifact id: 'd11e5faa198b3ed74489c67824f65dd6') in 0.034868 seconds
  Import took 0.037643 seconds .

========================================================================
Received Prepare
Registering precompiled user dll's ...
Registered in 0.002161 seconds.
Begin MonoManager ReloadAssembly
Native extension for WindowsStandalone target not found
Refreshing native plugins compatible for Editor in 0.31 ms, found 0 plugins.
Preloading 0 native plugins for Editor in 0.00 ms.
Invoked RoslynAnalysisRunner static constructor.
RoslynAnalysisRunner will not be running.
RoslynAnalysisRunner has terminated.
Mono: successfully reloaded assembly
- Completed reload, in  0.807 seconds
Platform modules already initialized, skipping
Refreshing native plugins compatible for Editor in 0.30 ms, found 0 plugins.
Preloading 0 native plugins for Editor in 0.00 ms.
Unloading 1330 Unused Serialized files (Serialized files now loaded: 0)
System memory in use before: 73.6 MB.
System memory in use after: 72.1 MB.

Unloading 35 unused Assets to reduce memory usage. Loaded Objects now: 1804.
Total: 2.621200 ms (FindLiveObjects: 0.307900 ms CreateObjectMapping: 0.068100 ms MarkObjects: 1.564200 ms  DeleteObjects: 0.679400 ms)

========================================================================
Received Import Request.
  Time since last request: 107.200245 seconds.
  path: Assets/Game/Sci_Fi_PPF.asset
  artifactKey: Guid(40f70ac2becd2874f8793d7db21f8832) Importer(815301076,1909f56bfc062723c751e8b465ee728b)
Start importing Assets/Game/Sci_Fi_PPF.asset using Guid(40f70ac2becd2874f8793d7db21f8832) Importer(815301076,1909f56bfc062723c751e8b465ee728b)  -> (artifact id: '342fb671779f1a1586172c26dfe78b89') in 0.061080 seconds
  Import took 0.063896 seconds .

========================================================================
Received Prepare
Registering precompiled user dll's ...
Registered in 0.002864 seconds.
Begin MonoManager ReloadAssembly
Native extension for WindowsStandalone target not found
Refreshing native plugins compatible for Editor in 0.30 ms, found 0 plugins.
Preloading 0 native plugins for Editor in 0.00 ms.
Invoked RoslynAnalysisRunner static constructor.
RoslynAnalysisRunner will not be running.
RoslynAnalysisRunner has terminated.
Mono: successfully reloaded assembly
- Completed reload, in  0.838 seconds
Platform modules already initialized, skipping
Refreshing native plugins compatible for Editor in 0.29 ms, found 0 plugins.
Preloading 0 native plugins for Editor in 0.00 ms.
Unloading 1330 Unused Serialized files (Serialized files now loaded: 0)
System memory in use before: 73.8 MB.
System memory in use after: 72.2 MB.

Unloading 35 unused Assets to reduce memory usage. Loaded Objects now: 1806.
Total: 2.213100 ms (FindLiveObjects: 0.150000 ms CreateObjectMapping: 0.045600 ms MarkObjects: 1.411000 ms  DeleteObjects: 0.605600 ms)

========================================================================
Received Import Request.
  Time since last request: 373.268391 seconds.
  path: ProjectSettings/TagManager.asset
  artifactKey: Guid(00000000000000003000000000000000) Importer(815301076,1909f56bfc062723c751e8b465ee728b)
Start importing ProjectSettings/TagManager.asset using Guid(00000000000000003000000000000000) Importer(815301076,1909f56bfc062723c751e8b465ee728b)  -> (artifact id: '7aa4bc3b155c664485e9be3731a2598b') in 0.017936 seconds
  Import took 0.020923 seconds .

========================================================================
Received Import Request.
  Time since last request: 57.038398 seconds.
  path: Assets/Game/Sci_Fi_PPF 1.asset
  artifactKey: Guid(c2d68fe5ff4a6b641a4446c52e2b006b) Importer(815301076,1909f56bfc062723c751e8b465ee728b)
Start importing Assets/Game/Sci_Fi_PPF 1.asset using Guid(c2d68fe5ff4a6b641a4446c52e2b006b) Importer(815301076,1909f56bfc062723c751e8b465ee728b)  -> (artifact id: '35f1ff5c1c34aeecff13de434c288854') in 0.074703 seconds
  Import took 0.077092 seconds .

========================================================================
Received Import Request.
  Time since last request: 0.013681 seconds.
  path: Assets/Game/Sci_Fi_PPF 1.asset
  artifactKey: Guid(c2d68fe5ff4a6b641a4446c52e2b006b) Importer(815301076,1909f56bfc062723c751e8b465ee728b)
Start importing Assets/Game/Sci_Fi_PPF 1.asset using Guid(c2d68fe5ff4a6b641a4446c52e2b006b) Importer(815301076,1909f56bfc062723c751e8b465ee728b)  -> (artifact id: '35f1ff5c1c34aeecff13de434c288854') in 0.004922 seconds
  Import took 0.007123 seconds .

========================================================================
Received Import Request.
  Time since last request: 9.699203 seconds.
  path: Assets/Game/Weapon_PPF.asset
  artifactKey: Guid(c2d68fe5ff4a6b641a4446c52e2b006b) Importer(815301076,1909f56bfc062723c751e8b465ee728b)
Start importing Assets/Game/Weapon_PPF.asset using Guid(c2d68fe5ff4a6b641a4446c52e2b006b) Importer(815301076,1909f56bfc062723c751e8b465ee728b)  -> (artifact id: '8c3ad69f16070ee609b013d5784ccd20') in 0.008834 seconds
  Import took 0.011666 seconds .

========================================================================
Received Import Request.
  Time since last request: 39.336967 seconds.
  path: Assets/Game/Weapon_PPF.asset
  artifactKey: Guid(c2d68fe5ff4a6b641a4446c52e2b006b) Importer(815301076,1909f56bfc062723c751e8b465ee728b)
Start importing Assets/Game/Weapon_PPF.asset using Guid(c2d68fe5ff4a6b641a4446c52e2b006b) Importer(815301076,1909f56bfc062723c751e8b465ee728b)  -> (artifact id: '07d3f254d82c66a0b2c87e9abdbcb93b') in 0.003612 seconds
  Import took 0.006238 seconds .

========================================================================
Received Import Request.
  Time since last request: 44.188075 seconds.
  path: Assets/Game/Audio
  artifactKey: Guid(9fa18a8537c7b6f4da4dd1536bacf41c) Importer(815301076,1909f56bfc062723c751e8b465ee728b)
Start importing Assets/Game/Audio using Guid(9fa18a8537c7b6f4da4dd1536bacf41c) Importer(815301076,1909f56bfc062723c751e8b465ee728b)  -> (artifact id: 'fc7de8ec70660e4543aaa40ff7186101') in 0.007443 seconds
  Import took 0.009865 seconds .

========================================================================
Received Import Request.
  Time since last request: 61.286874 seconds.
  path: Assets/Game/Materials
  artifactKey: Guid(82dccd7e750442c47973ba13e5f8178d) Importer(815301076,1909f56bfc062723c751e8b465ee728b)
Start importing Assets/Game/Materials using Guid(82dccd7e750442c47973ba13e5f8178d) Importer(815301076,1909f56bfc062723c751e8b465ee728b)  -> (artifact id: 'ebf6ce807434fdc562842a50fa0a645d') in 0.007025 seconds
  Import took 0.010392 seconds .

========================================================================
Received Import Request.
  Time since last request: 418.649306 seconds.
  path: Assets/Game/Weapon_PPF.asset
  artifactKey: Guid(c2d68fe5ff4a6b641a4446c52e2b006b) Importer(815301076,1909f56bfc062723c751e8b465ee728b)
Start importing Assets/Game/Weapon_PPF.asset using Guid(c2d68fe5ff4a6b641a4446c52e2b006b) Importer(815301076,1909f56bfc062723c751e8b465ee728b)  -> (artifact id: 'b33d0579923e8badeb8a4e9442c25b61') in 0.007414 seconds
  Import took 0.104009 seconds .

========================================================================
Received Prepare
Registering precompiled user dll's ...
Registered in 0.002138 seconds.
Begin MonoManager ReloadAssembly
Native extension for WindowsStandalone target not found
Refreshing native plugins compatible for Editor in 0.32 ms, found 0 plugins.
Preloading 0 native plugins for Editor in 0.00 ms.
Invoked RoslynAnalysisRunner static constructor.
RoslynAnalysisRunner will not be running.
RoslynAnalysisRunner has terminated.
Mono: successfully reloaded assembly
- Completed reload, in  0.786 seconds
Platform modules already initialized, skipping
Refreshing native plugins compatible for Editor in 0.31 ms, found 0 plugins.
Preloading 0 native plugins for Editor in 0.00 ms.
Unloading 1330 Unused Serialized files (Serialized files now loaded: 0)
System memory in use before: 73.4 MB.
System memory in use after: 71.9 MB.

Unloading 36 unused Assets to reduce memory usage. Loaded Objects now: 1808.
Total: 3.056900 ms (FindLiveObjects: 0.278100 ms CreateObjectMapping: 0.110400 ms MarkObjects: 1.802200 ms  DeleteObjects: 0.864800 ms)

========================================================================
Received Import Request.
  Time since last request: 180.789838 seconds.
  path: Assets/Game/Sci_Fi_PPF.asset
  artifactKey: Guid(40f70ac2becd2874f8793d7db21f8832) Importer(815301076,1909f56bfc062723c751e8b465ee728b)
Start importing Assets/Game/Sci_Fi_PPF.asset using Guid(40f70ac2becd2874f8793d7db21f8832) Importer(815301076,1909f56bfc062723c751e8b465ee728b)  -> (artifact id: 'ebdc6c8a5801c4afafa17cba29994ec8') in 0.059646 seconds
  Import took 0.062335 seconds .

========================================================================
Received Import Request.
  Time since last request: 11.823455 seconds.
  path: Assets/Game/Weapon_PPF.asset
  artifactKey: Guid(c2d68fe5ff4a6b641a4446c52e2b006b) Importer(815301076,1909f56bfc062723c751e8b465ee728b)
Start importing Assets/Game/Weapon_PPF.asset using Guid(c2d68fe5ff4a6b641a4446c52e2b006b) Importer(815301076,1909f56bfc062723c751e8b465ee728b)  -> (artifact id: '9eb73a6d3a4ee767d1bc1e72a7eccbd0') in 0.008227 seconds
  Import took 0.011328 seconds .

========================================================================
Received Import Request.
  Time since last request: 50.250273 seconds.
  path: ProjectSettings/TagManager.asset
  artifactKey: Guid(00000000000000003000000000000000) Importer(815301076,1909f56bfc062723c751e8b465ee728b)
Start importing ProjectSettings/TagManager.asset using Guid(00000000000000003000000000000000) Importer(815301076,1909f56bfc062723c751e8b465ee728b)  -> (artifact id: '9a2edac232c3b07beef042a0b2a132c1') in 0.003176 seconds
  Import took 0.005693 seconds .

========================================================================
Received Import Request.
  Time since last request: 0.003905 seconds.
  path: ProjectSettings/TagManager.asset
  artifactKey: Guid(00000000000000003000000000000000) Importer(815301076,1909f56bfc062723c751e8b465ee728b)
Start importing ProjectSettings/TagManager.asset using Guid(00000000000000003000000000000000) Importer(815301076,1909f56bfc062723c751e8b465ee728b)  -> (artifact id: '9a2edac232c3b07beef042a0b2a132c1') in 0.003170 seconds
  Import took 0.005299 seconds .

========================================================================
Received Prepare
Registering precompiled user dll's ...
Registered in 0.002858 seconds.
Begin MonoManager ReloadAssembly
Native extension for WindowsStandalone target not found
Refreshing native plugins compatible for Editor in 0.29 ms, found 0 plugins.
Preloading 0 native plugins for Editor in 0.00 ms.
Invoked RoslynAnalysisRunner static constructor.
RoslynAnalysisRunner will not be running.
RoslynAnalysisRunner has terminated.
Mono: successfully reloaded assembly
- Completed reload, in  0.747 seconds
Platform modules already initialized, skipping
Refreshing native plugins compatible for Editor in 0.30 ms, found 0 plugins.
Preloading 0 native plugins for Editor in 0.00 ms.
Unloading 1330 Unused Serialized files (Serialized files now loaded: 0)
System memory in use before: 73.8 MB.
System memory in use after: 72.3 MB.

Unloading 37 unused Assets to reduce memory usage. Loaded Objects now: 1810.
Total: 2.377900 ms (FindLiveObjects: 0.233100 ms CreateObjectMapping: 0.071700 ms MarkObjects: 1.503600 ms  DeleteObjects: 0.567100 ms)

========================================================================
Received Prepare
Registering precompiled user dll's ...
Registered in 0.002074 seconds.
Begin MonoManager ReloadAssembly
Native extension for WindowsStandalone target not found
Refreshing native plugins compatible for Editor in 0.32 ms, found 0 plugins.
Preloading 0 native plugins for Editor in 0.00 ms.
Invoked RoslynAnalysisRunner static constructor.
RoslynAnalysisRunner will not be running.
RoslynAnalysisRunner has terminated.
Mono: successfully reloaded assembly
- Completed reload, in  0.761 seconds
Platform modules already initialized, skipping
Refreshing native plugins compatible for Editor in 0.30 ms, found 0 plugins.
Preloading 0 native plugins for Editor in 0.00 ms.
Unloading 1330 Unused Serialized files (Serialized files now loaded: 0)
System memory in use before: 73.3 MB.
System memory in use after: 71.7 MB.

Unloading 35 unused Assets to reduce memory usage. Loaded Objects now: 1812.
Total: 2.733200 ms (FindLiveObjects: 0.470400 ms CreateObjectMapping: 0.189500 ms MarkObjects: 1.492900 ms  DeleteObjects: 0.576800 ms)

========================================================================
Received Import Request.
  Time since last request: 857.467586 seconds.
  path: Assets/Game/PPW.asset
  artifactKey: Guid(c59c818c8ab2421469b19e2717b77a8e) Importer(815301076,1909f56bfc062723c751e8b465ee728b)
Start importing Assets/Game/PPW.asset using Guid(c59c818c8ab2421469b19e2717b77a8e) Importer(815301076,1909f56bfc062723c751e8b465ee728b)  -> (artifact id: 'b371e5073746436e1dbf04093852c00c') in 0.019388 seconds
  Import took 0.022117 seconds .

========================================================================
Received Import Request.
  Time since last request: 0.030510 seconds.
  path: Assets/Game/PPW.asset
  artifactKey: Guid(c59c818c8ab2421469b19e2717b77a8e) Importer(815301076,1909f56bfc062723c751e8b465ee728b)
Start importing Assets/Game/PPW.asset using Guid(c59c818c8ab2421469b19e2717b77a8e) Importer(815301076,1909f56bfc062723c751e8b465ee728b)  -> (artifact id: 'b371e5073746436e1dbf04093852c00c') in 0.003279 seconds
  Import took 0.005635 seconds .

========================================================================
Received Import Request.
  Time since last request: 161.918413 seconds.
  path: Assets/Game/PPW.asset
  artifactKey: Guid(c59c818c8ab2421469b19e2717b77a8e) Importer(815301076,1909f56bfc062723c751e8b465ee728b)
Start importing Assets/Game/PPW.asset using Guid(c59c818c8ab2421469b19e2717b77a8e) Importer(815301076,1909f56bfc062723c751e8b465ee728b)  -> (artifact id: '123d70b5ddbfeee1aca170bcd2e0eea6') in 0.013363 seconds
  Import took 0.016320 seconds .

========================================================================
Received Prepare
Registering precompiled user dll's ...
Registered in 0.002177 seconds.
Begin MonoManager ReloadAssembly
Native extension for WindowsStandalone target not found
Refreshing native plugins compatible for Editor in 0.34 ms, found 0 plugins.
Preloading 0 native plugins for Editor in 0.00 ms.
Invoked RoslynAnalysisRunner static constructor.
RoslynAnalysisRunner will not be running.
RoslynAnalysisRunner has terminated.
Mono: successfully reloaded assembly
- Completed reload, in  0.727 seconds
Platform modules already initialized, skipping
Refreshing native plugins compatible for Editor in 0.36 ms, found 0 plugins.
Preloading 0 native plugins for Editor in 0.00 ms.
Unloading 1330 Unused Serialized files (Serialized files now loaded: 0)
System memory in use before: 73.7 MB.
System memory in use after: 72.1 MB.

Unloading 35 unused Assets to reduce memory usage. Loaded Objects now: 1814.
Total: 3.072100 ms (FindLiveObjects: 0.159800 ms CreateObjectMapping: 0.045000 ms MarkObjects: 2.034300 ms  DeleteObjects: 0.831900 ms)

========================================================================
Received Prepare
Refreshing native plugins compatible for Editor in 1.73 ms, found 0 plugins.
Preloading 0 native plugins for Editor in 0.00 ms.
Unloading 33 Unused Serialized files (Serialized files now loaded: 0)
System memory in use before: 48.1 MB.
System memory in use after: 46.6 MB.

Unloading 33 unused Assets to reduce memory usage. Loaded Objects now: 1814.
Total: 2.915200 ms (FindLiveObjects: 0.174800 ms CreateObjectMapping: 0.048400 ms MarkObjects: 2.116800 ms  DeleteObjects: 0.573300 ms)

AssetImportWorkerClient::OnTransportError - code=2 error=End of file
